<?xml version="1.0" encoding="UTF-8"?>
<testsuite xmlns:xsi="http://www.w3.org/2001/XMLSchema-instance" xsi:noNamespaceSchemaLocation="https://maven.apache.org/surefire/maven-surefire-plugin/xsd/surefire-test-report.xsd" name="example.AppTest" time="0.013" tests="1" errors="0" skipped="0" failures="0">
  <properties>
    <property name="sun.desktop" value="gnome"/>
    <property name="awt.toolkit" value="sun.awt.X11.XToolkit"/>
    <property name="java.specification.version" value="11"/>
    <property name="sun.cpu.isalist" value=""/>
    <property name="sun.jnu.encoding" value="UTF-8"/>
    <property name="java.class.path" value="/usr/local/google/home/gongh/Desktop/code/hogo6002/DockerTester/docker/java/src/target/test-classes:/usr/local/google/home/gongh/Desktop/code/hogo6002/DockerTester/docker/java/src/target/classes:/usr/local/google/home/gongh/.m2/repository/junit/junit/4.11/junit-4.11.jar:/usr/local/google/home/gongh/.m2/repository/org/hamcrest/hamcrest-core/1.3/hamcrest-core-1.3.jar:/usr/local/google/home/gongh/.m2/repository/org/eclipse/jetty/jetty-servlets/9.4.40.v20210413/jetty-servlets-9.4.40.v20210413.jar:/usr/local/google/home/gongh/.m2/repository/org/eclipse/jetty/jetty-continuation/9.4.40.v20210413/jetty-continuation-9.4.40.v20210413.jar:/usr/local/google/home/gongh/.m2/repository/org/eclipse/jetty/jetty-http/9.4.40.v20210413/jetty-http-9.4.40.v20210413.jar:/usr/local/google/home/gongh/.m2/repository/org/eclipse/jetty/jetty-util/9.4.40.v20210413/jetty-util-9.4.40.v20210413.jar:/usr/local/google/home/gongh/.m2/repository/org/eclipse/jetty/jetty-io/9.4.40.v20210413/jetty-io-9.4.40.v20210413.jar:"/>
    <property name="java.vm.vendor" value="Google Inc."/>
    <property name="sun.arch.data.model" value="64"/>
    <property name="java.vendor.url" value="https://goto.google.com/java-platform"/>
    <property name="user.timezone" value=""/>
    <property name="java.vm.specification.version" value="11"/>
    <property name="os.name" value="Linux"/>
    <property name="sun.java.launcher" value="SUN_STANDARD"/>
    <property name="user.country" value="US"/>
    <property name="sun.boot.library.path" value="/usr/local/buildtools/java/jdk11/lib"/>
    <property name="sun.java.command" value="/usr/local/google/home/gongh/Desktop/code/hogo6002/DockerTester/docker/java/src/target/surefire/surefirebooter8541238115741559610.jar /usr/local/google/home/gongh/Desktop/code/hogo6002/DockerTester/docker/java/src/target/surefire 2024-01-23T19-54-44_807-jvmRun1 surefire16572786444809747329tmp surefire_05469626123622236922tmp"/>
    <property name="jdk.debug" value="release"/>
    <property name="surefire.test.class.path" value="/usr/local/google/home/gongh/Desktop/code/hogo6002/DockerTester/docker/java/src/target/test-classes:/usr/local/google/home/gongh/Desktop/code/hogo6002/DockerTester/docker/java/src/target/classes:/usr/local/google/home/gongh/.m2/repository/junit/junit/4.11/junit-4.11.jar:/usr/local/google/home/gongh/.m2/repository/org/hamcrest/hamcrest-core/1.3/hamcrest-core-1.3.jar:/usr/local/google/home/gongh/.m2/repository/org/eclipse/jetty/jetty-servlets/9.4.40.v20210413/jetty-servlets-9.4.40.v20210413.jar:/usr/local/google/home/gongh/.m2/repository/org/eclipse/jetty/jetty-continuation/9.4.40.v20210413/jetty-continuation-9.4.40.v20210413.jar:/usr/local/google/home/gongh/.m2/repository/org/eclipse/jetty/jetty-http/9.4.40.v20210413/jetty-http-9.4.40.v20210413.jar:/usr/local/google/home/gongh/.m2/repository/org/eclipse/jetty/jetty-util/9.4.40.v20210413/jetty-util-9.4.40.v20210413.jar:/usr/local/google/home/gongh/.m2/repository/org/eclipse/jetty/jetty-io/9.4.40.v20210413/jetty-io-9.4.40.v20210413.jar:"/>
    <property name="sun.cpu.endian" value="little"/>
    <property name="user.home" value="/usr/local/google/home/gongh"/>
    <property name="user.language" value="en"/>
    <property name="java.specification.vendor" value="Oracle Corporation"/>
    <property name="java.version.date" value="2023-10-05"/>
    <property name="java.home" value="/usr/local/buildtools/java/jdk11"/>
    <property name="file.separator" value="/"/>
    <property name="basedir" value="/usr/local/google/home/gongh/Desktop/code/hogo6002/DockerTester/docker/java/src"/>
    <property name="java.vm.compressedOopsMode" value="Zero based"/>
    <property name="line.separator" value="&#10;"/>
    <property name="java.specification.name" value="Java Platform API Specification"/>
    <property name="java.vm.specification.vendor" value="Oracle Corporation"/>
    <property name="java.awt.graphicsenv" value="sun.awt.X11GraphicsEnvironment"/>
    <property name="surefire.real.class.path" value="/usr/local/google/home/gongh/Desktop/code/hogo6002/DockerTester/docker/java/src/target/surefire/surefirebooter8541238115741559610.jar"/>
    <property name="sun.management.compiler" value="HotSpot 64-Bit Tiered Compilers"/>
    <property name="java.runtime.version" value="11.0.20.1+1-google-release-571111042"/>
    <property name="user.name" value="gongh"/>
    <property name="path.separator" value=":"/>
    <property name="os.version" value="6.5.13-1rodete1-amd64"/>
    <property name="java.runtime.name" value="OpenJDK Runtime Environment"/>
    <property name="file.encoding" value="UTF-8"/>
    <property name="java.vm.name" value="OpenJDK 64-Bit Server VM"/>
    <property name="localRepository" value="/usr/local/google/home/gongh/.m2/repository"/>
    <property name="java.vendor.url.bug" value="http://b.corp.google.com/createIssue?component=32554"/>
    <property name="java.io.tmpdir" value="/tmp"/>
    <property name="java.version" value="11.0.20.1"/>
    <property name="user.dir" value="/usr/local/google/home/gongh/Desktop/code/hogo6002/DockerTester/docker/java/src"/>
    <property name="os.arch" value="amd64"/>
    <property name="java.vm.specification.name" value="Java Virtual Machine Specification"/>
    <property name="java.awt.printerjob" value="sun.print.PSPrinterJob"/>
    <property name="sun.os.patch.level" value="unknown"/>
    <property name="java.library.path" value="/usr/java/packages/lib:/usr/lib64:/lib64:/lib:/usr/lib"/>
    <property name="java.vm.info" value="mixed mode, sharing"/>
    <property name="java.vendor" value="Google Inc."/>
    <property name="java.vm.version" value="11.0.20.1+1-google-release-571111042"/>
    <property name="java.specification.maintenance.version" value="2"/>
    <property name="sun.io.unicode.encoding" value="UnicodeLittle"/>
    <property name="java.class.version" value="55.0"/>
  </properties>
  <testcase name="shouldAnswerWithTrue" classname="example.AppTest" time="0.001"/>
</testsuite>